# JRE version: OpenJDK Runtime Environment Microsoft-32931 (17.0.3+7) (build 17.0.3+7-LTS)
# Java VM: OpenJDK 64-Bit Server VM Microsoft-32931 (17.0.3+7-LTS, mixed mode, tiered, compressed oops, compressed class ptrs, g1 gc, windows-amd64)
GC Precious Log:
 CPUs: 6 total, 6 available
 Memory: 16345M
 Large Page Support: Disabled
 NUMA Support: Disabled
 Compressed Oops: Enabled (Zero based)
 Heap Region Size: 32M
 Heap Min Capacity: 32M
 Heap Initial Capacity: 256M
 Heap Max Capacity: 8G
 Pre-touch: Disabled
 Parallel Workers: 6
 Concurrent Workers: 2
 Concurrent Refinement Workers: 6
 Periodic GC: Disabled
Heap:
 garbage-first heap   total 3997696K, used 1806939K [0x0000000600000000, 0x0000000800000000)
  region size 32768K, 24 young (786432K), 2 survivors (65536K)
 Metaspace       used 154451K, committed 155904K, reserved 1187840K
  class space    used 20577K, committed 21248K, reserved 1048576K
GC Heap History (20 events):
Event: 3433.501 GC heap before
{Heap before GC invocations=165 (full 0):
 garbage-first heap   total 3997696K, used 1973905K [0x0000000600000000, 0x0000000800000000)
  region size 32768K, 24 young (786432K), 2 survivors (65536K)
 Metaspace       used 154264K, committed 155712K, reserved 1187840K
  class space    used 20573K, committed 21248K, reserved 1048576K
}
Event: 3433.535 GC heap after
{Heap after GC invocations=166 (full 0):
 garbage-first heap   total 3997696K, used 1116137K [0x0000000600000000, 0x0000000800000000)
  region size 32768K, 2 young (65536K), 2 survivors (65536K)
 Metaspace       used 154264K, committed 155712K, reserved 1187840K
  class space    used 20573K, committed 21248K, reserved 1048576K
}
Event: 3442.485 GC heap before
{Heap before GC invocations=166 (full 0):
 garbage-first heap   total 3997696K, used 2295785K [0x0000000600000000, 0x0000000800000000)
  region size 32768K, 38 young (1245184K), 2 survivors (65536K)
 Metaspace       used 154265K, committed 155712K, reserved 1187840K
  class space    used 20573K, committed 21248K, reserved 1048576K
}
Event: 3442.493 GC heap after
{Heap after GC invocations=167 (full 0):
 garbage-first heap   total 3997696K, used 1114032K [0x0000000600000000, 0x0000000800000000)
  region size 32768K, 2 young (65536K), 2 survivors (65536K)
 Metaspace       used 154265K, committed 155712K, reserved 1187840K
  class space    used 20573K, committed 21248K, reserved 1048576K
}
Event: 3454.532 GC heap before
{Heap before GC invocations=167 (full 0):
 garbage-first heap   total 3997696K, used 2686896K [0x0000000600000000, 0x0000000800000000)
  region size 32768K, 50 young (1638400K), 2 survivors (65536K)
 Metaspace       used 154271K, committed 155712K, reserved 1187840K
  class space    used 20573K, committed 21248K, reserved 1048576K
}
Event: 3454.541 GC heap after
{Heap after GC invocations=168 (full 0):
 garbage-first heap   total 3997696K, used 1114442K [0x0000000600000000, 0x0000000800000000)
  region size 32768K, 2 young (65536K), 2 survivors (65536K)
 Metaspace       used 154271K, committed 155712K, reserved 1187840K
  class space    used 20573K, committed 21248K, reserved 1048576K
}
Event: 3467.702 GC heap before
{Heap before GC invocations=168 (full 0):
 garbage-first heap   total 3997696K, used 2752842K [0x0000000600000000, 0x0000000800000000)
  region size 32768K, 52 young (1703936K), 2 survivors (65536K)
 Metaspace       used 154273K, committed 155712K, reserved 1187840K
  class space    used 20574K, committed 21248K, reserved 1048576K
}
Event: 3467.711 GC heap after
{Heap after GC invocations=169 (full 0):
 garbage-first heap   total 3997696K, used 1117648K [0x0000000600000000, 0x0000000800000000)
  region size 32768K, 2 young (65536K), 2 survivors (65536K)
 Metaspace       used 154273K, committed 155712K, reserved 1187840K
  class space    used 20574K, committed 21248K, reserved 1048576K
}
Event: 3479.902 GC heap before
{Heap before GC invocations=169 (full 0):
 garbage-first heap   total 3997696K, used 2788816K [0x0000000600000000, 0x0000000800000000)
  region size 32768K, 54 young (1769472K), 2 survivors (65536K)
 Metaspace       used 154282K, committed 155712K, reserved 1187840K
  class space    used 20574K, committed 21248K, reserved 1048576K
}
Event: 3479.912 GC heap after
{Heap after GC invocations=170 (full 0):
 garbage-first heap   total 3997696K, used 1119930K [0x0000000600000000, 0x0000000800000000)
  region size 32768K, 2 young (65536K), 2 survivors (65536K)
 Metaspace       used 154282K, committed 155712K, reserved 1187840K
  class space    used 20574K, committed 21248K, reserved 1048576K
}
Event: 3494.166 GC heap before
{Heap before GC invocations=170 (full 0):
 garbage-first heap   total 3997696K, used 2889402K [0x0000000600000000, 0x0000000800000000)
  region size 32768K, 56 young (1835008K), 2 survivors (65536K)
 Metaspace       used 154283K, committed 155712K, reserved 1187840K
  class space    used 20574K, committed 21248K, reserved 1048576K
}
Event: 3494.175 GC heap after
{Heap after GC invocations=171 (full 0):
 garbage-first heap   total 3997696K, used 1118758K [0x0000000600000000, 0x0000000800000000)
  region size 32768K, 2 young (65536K), 2 survivors (65536K)
 Metaspace       used 154283K, committed 155712K, reserved 1187840K
  class space    used 20574K, committed 21248K, reserved 1048576K
}
Event: 3507.953 GC heap before
{Heap before GC invocations=171 (full 0):
 garbage-first heap   total 3997696K, used 2920998K [0x0000000600000000, 0x0000000800000000)
  region size 32768K, 57 young (1867776K), 2 survivors (65536K)
 Metaspace       used 154284K, committed 155712K, reserved 1187840K
  class space    used 20574K, committed 21248K, reserved 1048576K
}
Event: 3507.962 GC heap after
{Heap after GC invocations=172 (full 0):
 garbage-first heap   total 3997696K, used 1117869K [0x0000000600000000, 0x0000000800000000)
  region size 32768K, 2 young (65536K), 2 survivors (65536K)
 Metaspace       used 154284K, committed 155712K, reserved 1187840K
  class space    used 20574K, committed 21248K, reserved 1048576K
}
Event: 3522.018 GC heap before
{Heap before GC invocations=172 (full 0):
 garbage-first heap   total 3997696K, used 2985645K [0x0000000600000000, 0x0000000800000000)
  region size 32768K, 59 young (1933312K), 2 survivors (65536K)
 Metaspace       used 154287K, committed 155712K, reserved 1187840K
  class space    used 20574K, committed 21248K, reserved 1048576K
}
Event: 3522.026 GC heap after
{Heap after GC invocations=173 (full 0):
 garbage-first heap   total 3997696K, used 1117962K [0x0000000600000000, 0x0000000800000000)
  region size 32768K, 2 young (65536K), 2 survivors (65536K)
 Metaspace       used 154287K, committed 155712K, reserved 1187840K
  class space    used 20574K, committed 21248K, reserved 1048576K
}
Event: 3536.114 GC heap before
{Heap before GC invocations=173 (full 0):
 garbage-first heap   total 3997696K, used 2952970K [0x0000000600000000, 0x0000000800000000)
  region size 32768K, 59 young (1933312K), 2 survivors (65536K)
 Metaspace       used 154290K, committed 155712K, reserved 1187840K
  class space    used 20574K, committed 21248K, reserved 1048576K
}
Event: 3536.123 GC heap after
{Heap after GC invocations=174 (full 0):
 garbage-first heap   total 3997696K, used 1119070K [0x0000000600000000, 0x0000000800000000)
  region size 32768K, 2 young (65536K), 2 survivors (65536K)
 Metaspace       used 154290K, committed 155712K, reserved 1187840K
  class space    used 20574K, committed 21248K, reserved 1048576K
}
Event: 3551.446 GC heap before
{Heap before GC invocations=174 (full 0):
 garbage-first heap   total 3997696K, used 3019614K [0x0000000600000000, 0x0000000800000000)
  region size 32768K, 60 young (1966080K), 2 survivors (65536K)
 Metaspace       used 154319K, committed 155776K, reserved 1187840K
  class space    used 20577K, committed 21248K, reserved 1048576K
}
Event: 3551.455 GC heap after
{Heap after GC invocations=175 (full 0):
 garbage-first heap   total 3997696K, used 1118811K [0x0000000600000000, 0x0000000800000000)
  region size 32768K, 2 young (65536K), 2 survivors (65536K)
 Metaspace       used 154319K, committed 155776K, reserved 1187840K
  class space    used 20577K, committed 21248K, reserved 1048576K
}

